0 info it worked if it ends with ok
1 verbose cli [ '/usr/local/bin/node', '/usr/local/bin/npm', 'install', 'cake' ]
2 info using npm@1.1.49
3 info using node@v0.8.7
4 verbose read json /root/package.json
5 verbose read json /root/node_modules/coffee-script/package.json
6 verbose read json /root/package.json
7 verbose cache add [ 'cake', null ]
8 silly cache add name=undefined spec="cake" args=["cake",null]
9 verbose parsed url { pathname: 'cake', path: 'cake', href: 'cake' }
10 silly lockFile 5ddc2ae1-cake cake
11 verbose lock cake /root/.npm/5ddc2ae1-cake.lock
12 silly lockFile 5ddc2ae1-cake cake
13 verbose addNamed [ 'cake', '' ]
14 verbose addNamed [ null, '' ]
15 silly lockFile 2174a64b-cake cake@
16 verbose lock cake@ /root/.npm/2174a64b-cake.lock
17 silly addNameRange { name: 'cake', range: '', hasData: false }
18 verbose url raw cake
19 verbose url resolving [ 'https://registry.npmjs.org/', './cake' ]
20 verbose url resolved https://registry.npmjs.org/cake
21 info retry registry request attempt 1 at 08:25:56
22 http GET https://registry.npmjs.org/cake
23 http 404 https://registry.npmjs.org/cake
24 silly registry.get cb [ 404,
24 silly registry.get   { server: 'CouchDB/1.2.0 (Erlang OTP/R15B)',
24 silly registry.get     date: 'Mon, 10 Sep 2012 21:29:07 GMT',
24 silly registry.get     'content-type': 'application/json',
24 silly registry.get     'content-length': '52',
24 silly registry.get     'cache-control': 'must-revalidate' } ]
25 silly lockFile 2174a64b-cake cake@
26 error 404 'cake' is not in the npm registry.
26 error 404 You should bug the author to publish it
26 error 404
26 error 404 Note that you can also install from a
26 error 404 tarball, folder, or http url, or git url.
27 error System Linux 3.4.8-1-ARCH
28 error command "/usr/local/bin/node" "/usr/local/bin/npm" "install" "cake"
29 error cwd /root/www/studshara/public
30 error node -v v0.8.7
31 error npm -v 1.1.49
32 error code E404
33 verbose exit [ 1, true ]
